<?xml version="1.0" encoding="UTF-8"?>
<testng-results ignored="0" total="1" passed="1" failed="0" skipped="0">
  <reporter-output>
  </reporter-output>
  <suite started-at="2019-09-04T14:05:04Z" name="Default suite" finished-at="2019-09-04T14:05:37Z" duration-ms="32355">
    <groups>
    </groups>
    <test started-at="2019-09-04T14:05:04Z" name="Default test" finished-at="2019-09-04T14:05:37Z" duration-ms="32355">
      <class name="testPkg.SelTest1">
        <test-method signature="test1(java.lang.String)[pri:0, instance:testPkg.SelTest1@776b83cc]" started-at="2019-09-04T14:05:04Z" name="test1" finished-at="2019-09-04T14:05:37Z" duration-ms="32326" status="PASS">
          <params>
            <param index="0">
              <value>
                <![CDATA[chrome]]>
              </value>
            </param>
          </params>
          <reporter-output>
          </reporter-output>
        </test-method> <!-- test1 -->
      </class> <!-- testPkg.SelTest1 -->
    </test> <!-- Default test -->
  </suite> <!-- Default suite -->
</testng-results>
